2023-03-24 15:29:49.727 [cache-service,,] [org.springframework.kafka.KafkaListenerEndpointContainer#0-0-C-1] ERROR o.a.k.c.consumer.internals.ConsumerCoordinator - [Consumer clientId=consumer-1, groupId=mentugroup] Offset commit failed on partition skywalking_delay_message_topic-0 at offset 1: The coordinator is not aware of this member.
2023-03-24 15:56:05.155 [cache-service,,] [org.springframework.kafka.KafkaListenerEndpointContainer#0-0-C-1] ERROR o.a.k.c.consumer.internals.ConsumerCoordinator - [Consumer clientId=consumer-1, groupId=mentugroup] Offset commit failed on partition kafka_delay_topic-0 at offset 1: The coordinator is not aware of this member.
2023-03-24 17:26:16.190 [cache-service,,] [org.springframework.kafka.KafkaListenerEndpointContainer#0-0-C-1] ERROR o.a.k.c.consumer.internals.ConsumerCoordinator - [Consumer clientId=consumer-1, groupId=mentugroup] Offset commit failed on partition kafka_delay_topic-0 at offset 5: The coordinator is not aware of this member.
2023-03-24 17:27:03.310 [cache-service,,] [http-nio-8083-exec-1] ERROR o.a.c.c.C.[.[.[/cache-service].[dispatcherServlet] - Servlet.service() for servlet [dispatcherServlet] in context with path [/cache-service] threw exception
java.net.ConnectException: Timeout connecting to [/127.0.0.1:9200]
	at org.elasticsearch.client.RestClient.extractAndWrapCause(RestClient.java:930)
	at org.elasticsearch.client.RestClient.performRequest(RestClient.java:300)
	at org.elasticsearch.client.RestClient.performRequest(RestClient.java:288)
	at co.elastic.clients.transport.rest_client.RestClientTransport.performRequest(RestClientTransport.java:147)
	at co.elastic.clients.elasticsearch.ElasticsearchClient.bulk(ElasticsearchClient.java:320)
	at co.elastic.clients.elasticsearch.ElasticsearchClient.bulk(ElasticsearchClient.java:337)
	at com.htsc.filter.SkywalkingHttpFilter.reportToEs(SkywalkingHttpFilter.java:113)
	at com.htsc.filter.SkywalkingHttpFilter.doFilter(SkywalkingHttpFilter.java:63)
	at org.apache.catalina.core.ApplicationFilterChain.internalDoFilter(ApplicationFilterChain.java:193)
	at org.apache.catalina.core.ApplicationFilterChain.doFilter(ApplicationFilterChain.java:166)
	at org.springframework.web.filter.RequestContextFilter.doFilterInternal(RequestContextFilter.java:100)
	at org.springframework.web.filter.OncePerRequestFilter.doFilter(OncePerRequestFilter.java:119)
	at org.apache.catalina.core.ApplicationFilterChain.internalDoFilter(ApplicationFilterChain.java:193)
	at org.apache.catalina.core.ApplicationFilterChain.doFilter(ApplicationFilterChain.java:166)
	at org.springframework.web.filter.FormContentFilter.doFilterInternal(FormContentFilter.java:93)
	at org.springframework.web.filter.OncePerRequestFilter.doFilter(OncePerRequestFilter.java:119)
	at org.apache.catalina.core.ApplicationFilterChain.internalDoFilter(ApplicationFilterChain.java:193)
	at org.apache.catalina.core.ApplicationFilterChain.doFilter(ApplicationFilterChain.java:166)
	at org.springframework.web.filter.CharacterEncodingFilter.doFilterInternal(CharacterEncodingFilter.java:201)
	at org.springframework.web.filter.OncePerRequestFilter.doFilter(OncePerRequestFilter.java:119)
	at org.apache.catalina.core.ApplicationFilterChain.internalDoFilter(ApplicationFilterChain.java:193)
	at org.apache.catalina.core.ApplicationFilterChain.doFilter(ApplicationFilterChain.java:166)
	at org.apache.catalina.core.StandardWrapperValve.invoke(StandardWrapperValve.java:202)
	at org.apache.catalina.core.StandardContextValve.invoke(StandardContextValve.java:96)
	at org.apache.catalina.authenticator.AuthenticatorBase.invoke(AuthenticatorBase.java:541)
	at org.apache.catalina.core.StandardHostValve.invoke$original$s33Qogdu(StandardHostValve.java:139)
	at org.apache.catalina.core.StandardHostValve.invoke$original$s33Qogdu$accessor$wFslry7M(StandardHostValve.java)
	at org.apache.catalina.core.StandardHostValve$auxiliary$YzVQJu6n.call(Unknown Source)
	at org.apache.skywalking.apm.agent.core.plugin.interceptor.enhance.InstMethodsInter.intercept(InstMethodsInter.java:86)
	at org.apache.catalina.core.StandardHostValve.invoke(StandardHostValve.java)
	at org.apache.catalina.valves.ErrorReportValve.invoke(ErrorReportValve.java:92)
	at org.apache.catalina.core.StandardEngineValve.invoke(StandardEngineValve.java:74)
	at org.apache.catalina.connector.CoyoteAdapter.service(CoyoteAdapter.java:343)
	at org.apache.coyote.http11.Http11Processor.service(Http11Processor.java:373)
	at org.apache.coyote.AbstractProcessorLight.process(AbstractProcessorLight.java:65)
	at org.apache.coyote.AbstractProtocol$ConnectionHandler.process(AbstractProtocol.java:868)
	at org.apache.tomcat.util.net.NioEndpoint$SocketProcessor.doRun(NioEndpoint.java:1594)
	at org.apache.tomcat.util.net.SocketProcessorBase.run(SocketProcessorBase.java:49)
	at java.util.concurrent.ThreadPoolExecutor.runWorker(ThreadPoolExecutor.java:1142)
	at java.util.concurrent.ThreadPoolExecutor$Worker.run(ThreadPoolExecutor.java:617)
	at org.apache.tomcat.util.threads.TaskThread$WrappingRunnable.run(TaskThread.java:61)
	at java.lang.Thread.run(Thread.java:745)
Caused by: java.net.ConnectException: Timeout connecting to [/127.0.0.1:9200]
	at org.apache.http.nio.pool.RouteSpecificPool.timeout(RouteSpecificPool.java:169)
	at org.apache.http.nio.pool.AbstractNIOConnPool.requestTimeout(AbstractNIOConnPool.java:632)
	at org.apache.http.nio.pool.AbstractNIOConnPool$InternalSessionRequestCallback.timeout(AbstractNIOConnPool.java:898)
	at org.apache.http.impl.nio.reactor.SessionRequestImpl.timeout$original$bs7n0M88(SessionRequestImpl.java:198)
	at org.apache.http.impl.nio.reactor.SessionRequestImpl.timeout$original$bs7n0M88$accessor$pbFIoQ8h(SessionRequestImpl.java)
	at org.apache.http.impl.nio.reactor.SessionRequestImpl$auxiliary$K3XeKoPl.call(Unknown Source)
	at org.apache.skywalking.apm.agent.core.plugin.interceptor.enhance.InstMethodsInter.intercept(InstMethodsInter.java:86)
	at org.apache.http.impl.nio.reactor.SessionRequestImpl.timeout(SessionRequestImpl.java)
	at org.apache.http.impl.nio.reactor.DefaultConnectingIOReactor.processTimeouts(DefaultConnectingIOReactor.java:213)
	at org.apache.http.impl.nio.reactor.DefaultConnectingIOReactor.processEvents(DefaultConnectingIOReactor.java:158)
	at org.apache.http.impl.nio.reactor.AbstractMultiworkerIOReactor.execute(AbstractMultiworkerIOReactor.java:351)
	at org.apache.http.impl.nio.conn.PoolingNHttpClientConnectionManager.execute(PoolingNHttpClientConnectionManager.java:221)
	at org.apache.http.impl.nio.client.CloseableHttpAsyncClientBase$1.run(CloseableHttpAsyncClientBase.java:64)
	... 1 common frames omitted
2023-03-24 17:27:30.116 [cache-service,,] [http-nio-8083-exec-4] ERROR o.a.c.c.C.[.[.[/cache-service].[dispatcherServlet] - Servlet.service() for servlet [dispatcherServlet] in context with path [/cache-service] threw exception
java.net.ConnectException: Timeout connecting to [/127.0.0.1:9200]
	at org.elasticsearch.client.RestClient.extractAndWrapCause(RestClient.java:930)
	at org.elasticsearch.client.RestClient.performRequest(RestClient.java:300)
	at org.elasticsearch.client.RestClient.performRequest(RestClient.java:288)
	at co.elastic.clients.transport.rest_client.RestClientTransport.performRequest(RestClientTransport.java:147)
	at co.elastic.clients.elasticsearch.ElasticsearchClient.bulk(ElasticsearchClient.java:320)
	at co.elastic.clients.elasticsearch.ElasticsearchClient.bulk(ElasticsearchClient.java:337)
	at com.htsc.filter.SkywalkingHttpFilter.reportToEs(SkywalkingHttpFilter.java:113)
	at com.htsc.filter.SkywalkingHttpFilter.doFilter(SkywalkingHttpFilter.java:63)
	at org.apache.catalina.core.ApplicationFilterChain.internalDoFilter(ApplicationFilterChain.java:193)
	at org.apache.catalina.core.ApplicationFilterChain.doFilter(ApplicationFilterChain.java:166)
	at org.springframework.web.filter.RequestContextFilter.doFilterInternal(RequestContextFilter.java:100)
	at org.springframework.web.filter.OncePerRequestFilter.doFilter(OncePerRequestFilter.java:119)
	at org.apache.catalina.core.ApplicationFilterChain.internalDoFilter(ApplicationFilterChain.java:193)
	at org.apache.catalina.core.ApplicationFilterChain.doFilter(ApplicationFilterChain.java:166)
	at org.springframework.web.filter.FormContentFilter.doFilterInternal(FormContentFilter.java:93)
	at org.springframework.web.filter.OncePerRequestFilter.doFilter(OncePerRequestFilter.java:119)
	at org.apache.catalina.core.ApplicationFilterChain.internalDoFilter(ApplicationFilterChain.java:193)
	at org.apache.catalina.core.ApplicationFilterChain.doFilter(ApplicationFilterChain.java:166)
	at org.springframework.web.filter.CharacterEncodingFilter.doFilterInternal(CharacterEncodingFilter.java:201)
	at org.springframework.web.filter.OncePerRequestFilter.doFilter(OncePerRequestFilter.java:119)
	at org.apache.catalina.core.ApplicationFilterChain.internalDoFilter(ApplicationFilterChain.java:193)
	at org.apache.catalina.core.ApplicationFilterChain.doFilter(ApplicationFilterChain.java:166)
	at org.apache.catalina.core.StandardWrapperValve.invoke(StandardWrapperValve.java:202)
	at org.apache.catalina.core.StandardContextValve.invoke(StandardContextValve.java:96)
	at org.apache.catalina.authenticator.AuthenticatorBase.invoke(AuthenticatorBase.java:541)
	at org.apache.catalina.core.StandardHostValve.invoke$original$s33Qogdu(StandardHostValve.java:139)
	at org.apache.catalina.core.StandardHostValve.invoke$original$s33Qogdu$accessor$wFslry7M(StandardHostValve.java)
	at org.apache.catalina.core.StandardHostValve$auxiliary$YzVQJu6n.call(Unknown Source)
	at org.apache.skywalking.apm.agent.core.plugin.interceptor.enhance.InstMethodsInter.intercept(InstMethodsInter.java:86)
	at org.apache.catalina.core.StandardHostValve.invoke(StandardHostValve.java)
	at org.apache.catalina.valves.ErrorReportValve.invoke(ErrorReportValve.java:92)
	at org.apache.catalina.core.StandardEngineValve.invoke(StandardEngineValve.java:74)
	at org.apache.catalina.connector.CoyoteAdapter.service(CoyoteAdapter.java:343)
	at org.apache.coyote.http11.Http11Processor.service(Http11Processor.java:373)
	at org.apache.coyote.AbstractProcessorLight.process(AbstractProcessorLight.java:65)
	at org.apache.coyote.AbstractProtocol$ConnectionHandler.process(AbstractProtocol.java:868)
	at org.apache.tomcat.util.net.NioEndpoint$SocketProcessor.doRun(NioEndpoint.java:1594)
	at org.apache.tomcat.util.net.SocketProcessorBase.run(SocketProcessorBase.java:49)
	at java.util.concurrent.ThreadPoolExecutor.runWorker(ThreadPoolExecutor.java:1142)
	at java.util.concurrent.ThreadPoolExecutor$Worker.run(ThreadPoolExecutor.java:617)
	at org.apache.tomcat.util.threads.TaskThread$WrappingRunnable.run(TaskThread.java:61)
	at java.lang.Thread.run(Thread.java:745)
Caused by: java.net.ConnectException: Timeout connecting to [/127.0.0.1:9200]
	at org.apache.http.nio.pool.RouteSpecificPool.timeout(RouteSpecificPool.java:169)
	at org.apache.http.nio.pool.AbstractNIOConnPool.requestTimeout(AbstractNIOConnPool.java:632)
	at org.apache.http.nio.pool.AbstractNIOConnPool$InternalSessionRequestCallback.timeout(AbstractNIOConnPool.java:898)
	at org.apache.http.impl.nio.reactor.SessionRequestImpl.timeout$original$bs7n0M88(SessionRequestImpl.java:198)
	at org.apache.http.impl.nio.reactor.SessionRequestImpl.timeout$original$bs7n0M88$accessor$pbFIoQ8h(SessionRequestImpl.java)
	at org.apache.http.impl.nio.reactor.SessionRequestImpl$auxiliary$K3XeKoPl.call(Unknown Source)
	at org.apache.skywalking.apm.agent.core.plugin.interceptor.enhance.InstMethodsInter.intercept(InstMethodsInter.java:86)
	at org.apache.http.impl.nio.reactor.SessionRequestImpl.timeout(SessionRequestImpl.java)
	at org.apache.http.impl.nio.reactor.DefaultConnectingIOReactor.processTimeouts(DefaultConnectingIOReactor.java:213)
	at org.apache.http.impl.nio.reactor.DefaultConnectingIOReactor.processEvents(DefaultConnectingIOReactor.java:158)
	at org.apache.http.impl.nio.reactor.AbstractMultiworkerIOReactor.execute(AbstractMultiworkerIOReactor.java:351)
	at org.apache.http.impl.nio.conn.PoolingNHttpClientConnectionManager.execute(PoolingNHttpClientConnectionManager.java:221)
	at org.apache.http.impl.nio.client.CloseableHttpAsyncClientBase$1.run(CloseableHttpAsyncClientBase.java:64)
	... 1 common frames omitted
2023-03-24 19:10:39.564 [cache-service,,] [org.springframework.kafka.KafkaListenerEndpointContainer#0-0-C-1] ERROR o.a.k.c.consumer.internals.ConsumerCoordinator - [Consumer clientId=consumer-1, groupId=mentugroup] Offset commit failed on partition kafka_delay_topic-0 at offset 5: The coordinator is not aware of this member.
2023-03-24 19:10:39.588 [cache-service,,] [org.springframework.kafka.KafkaListenerEndpointContainer#0-0-C-1] ERROR o.a.k.c.consumer.internals.ConsumerCoordinator - [Consumer clientId=consumer-1, groupId=mentugroup] Offset commit failed on partition kafka_delay_topic-0 at offset 5: The coordinator is not aware of this member.
2023-03-24 19:10:39.588 [cache-service,,] [org.springframework.kafka.KafkaListenerEndpointContainer#0-0-C-1] ERROR o.a.k.c.consumer.internals.ConsumerCoordinator - [Consumer clientId=consumer-1, groupId=mentugroup] Offset commit failed on partition kafka_delay_topic-0 at offset 5: The coordinator is not aware of this member.
2023-03-24 19:10:39.588 [cache-service,,] [org.springframework.kafka.KafkaListenerEndpointContainer#0-0-C-1] ERROR o.a.k.c.consumer.internals.ConsumerCoordinator - [Consumer clientId=consumer-1, groupId=mentugroup] Offset commit failed on partition kafka_delay_topic-0 at offset 5: The coordinator is not aware of this member.
2023-03-24 19:10:39.596 [cache-service,,] [org.springframework.kafka.KafkaListenerEndpointContainer#0-0-C-1] ERROR o.a.k.c.consumer.internals.ConsumerCoordinator - [Consumer clientId=consumer-1, groupId=mentugroup] Offset commit failed on partition kafka_delay_topic-0 at offset 5: The coordinator is not aware of this member.
2023-03-24 19:10:39.596 [cache-service,,] [org.springframework.kafka.KafkaListenerEndpointContainer#0-0-C-1] ERROR o.a.k.c.consumer.internals.ConsumerCoordinator - [Consumer clientId=consumer-1, groupId=mentugroup] Offset commit failed on partition kafka_delay_topic-0 at offset 5: The coordinator is not aware of this member.
2023-03-24 19:10:39.596 [cache-service,,] [org.springframework.kafka.KafkaListenerEndpointContainer#0-0-C-1] ERROR o.a.k.c.consumer.internals.ConsumerCoordinator - [Consumer clientId=consumer-1, groupId=mentugroup] Offset commit failed on partition kafka_delay_topic-0 at offset 5: The coordinator is not aware of this member.
2023-03-24 19:10:42.265 [cache-service,,] [org.springframework.kafka.KafkaListenerEndpointContainer#0-0-C-1] ERROR o.a.k.c.consumer.internals.ConsumerCoordinator - [Consumer clientId=consumer-1, groupId=mentugroup] Offset commit failed on partition kafka_delay_topic-0 at offset 5: The coordinator is not aware of this member.
2023-03-24 19:10:42.269 [cache-service,,] [org.springframework.kafka.KafkaListenerEndpointContainer#0-0-C-1] ERROR o.a.k.c.consumer.internals.ConsumerCoordinator - [Consumer clientId=consumer-1, groupId=mentugroup] Offset commit failed on partition kafka_delay_topic-0 at offset 5: The coordinator is not aware of this member.
2023-03-24 19:10:42.270 [cache-service,,] [org.springframework.kafka.KafkaListenerEndpointContainer#0-0-C-1] ERROR o.a.k.c.consumer.internals.ConsumerCoordinator - [Consumer clientId=consumer-1, groupId=mentugroup] Offset commit failed on partition kafka_delay_topic-0 at offset 5: The coordinator is not aware of this member.
