2023-02-24 14:22:26.045 [gateway-service,,] [main] INFO  com.htsc.GatewayApplication - The following profiles are active: dev
2023-02-24 14:22:27.202 [gateway-service,,] [main] INFO  o.springframework.cloud.context.scope.GenericScope - BeanFactory id=7eca50d2-5685-33aa-b905-5f5f42b2026e
2023-02-24 14:22:27.666 [gateway-service,,] [main] INFO  o.s.c.s.PostProcessorRegistrationDelegate$BeanPostProcessorChecker - Bean 'org.springframework.cloud.client.loadbalancer.reactive.LoadBalancerBeanPostProcessorAutoConfiguration' of type [org.springframework.cloud.client.loadbalancer.reactive.LoadBalancerBeanPostProcessorAutoConfiguration] is not eligible for getting processed by all BeanPostProcessors (for example: not eligible for auto-proxying)
2023-02-24 14:22:27.671 [gateway-service,,] [main] INFO  o.s.c.s.PostProcessorRegistrationDelegate$BeanPostProcessorChecker - Bean 'org.springframework.cloud.client.loadbalancer.reactive.LoadBalancerBeanPostProcessorAutoConfiguration$ReactiveLoadBalancerConfig' of type [org.springframework.cloud.client.loadbalancer.reactive.LoadBalancerBeanPostProcessorAutoConfiguration$ReactiveLoadBalancerConfig] is not eligible for getting processed by all BeanPostProcessors (for example: not eligible for auto-proxying)
2023-02-24 14:22:27.675 [gateway-service,,] [main] INFO  o.s.c.s.PostProcessorRegistrationDelegate$BeanPostProcessorChecker - Bean 'deferringLoadBalancerExchangeFilterFunction' of type [org.springframework.cloud.client.loadbalancer.reactive.DeferringLoadBalancerExchangeFilterFunction] is not eligible for getting processed by all BeanPostProcessors (for example: not eligible for auto-proxying)
2023-02-24 14:22:28.196 [gateway-service,,] [main] INFO  o.s.boot.web.embedded.tomcat.TomcatWebServer - Tomcat initialized with port(s): 8082 (http)
2023-02-24 14:22:28.205 [gateway-service,,] [main] INFO  org.apache.coyote.http11.Http11NioProtocol - Initializing ProtocolHandler ["http-nio-8082"]
2023-02-24 14:22:28.206 [gateway-service,,] [main] INFO  org.apache.catalina.core.StandardService - Starting service [Tomcat]
2023-02-24 14:22:28.206 [gateway-service,,] [main] INFO  org.apache.catalina.core.StandardEngine - Starting Servlet engine: [Apache Tomcat/9.0.33]
2023-02-24 14:22:28.339 [gateway-service,,] [main] INFO  o.a.c.core.ContainerBase.[Tomcat].[localhost].[/] - Initializing Spring embedded WebApplicationContext
2023-02-24 14:22:28.340 [gateway-service,,] [main] INFO  org.springframework.web.context.ContextLoader - Root WebApplicationContext: initialization completed in 2282 ms
2023-02-24 14:22:28.505 [gateway-service,,] [main] INFO  com.netflix.config.sources.URLConfigurationSource - To enable URLs as dynamic configuration sources, define System property archaius.configurationSource.additionalUrls or make config.properties available on classpath.
2023-02-24 14:22:28.522 [gateway-service,,] [main] INFO  com.netflix.config.DynamicPropertyFactory - DynamicPropertyFactory is initialized with configuration sources: com.netflix.config.ConcurrentCompositeConfiguration@33feda48
2023-02-24 14:22:30.006 [gateway-service,,] [main] INFO  org.springframework.cloud.commons.util.InetUtils - Cannot determine local hostname
2023-02-24 14:22:31.327 [gateway-service,,] [main] INFO  org.springframework.cloud.commons.util.InetUtils - Cannot determine local hostname
2023-02-24 14:22:32.008 [gateway-service,,] [main] INFO  com.netflix.config.sources.URLConfigurationSource - To enable URLs as dynamic configuration sources, define System property archaius.configurationSource.additionalUrls or make config.properties available on classpath.
2023-02-24 14:22:33.532 [gateway-service,,] [main] INFO  org.springframework.cloud.commons.util.InetUtils - Cannot determine local hostname
2023-02-24 14:22:34.650 [gateway-service,,] [main] INFO  org.apache.catalina.core.StandardService - Stopping service [Tomcat]
2023-02-24 14:24:24.353 [gateway-service,,] [main] INFO  com.htsc.GatewayApplication - The following profiles are active: dev
2023-02-24 14:24:25.615 [gateway-service,,] [main] INFO  o.springframework.cloud.context.scope.GenericScope - BeanFactory id=7eca50d2-5685-33aa-b905-5f5f42b2026e
2023-02-24 14:24:26.126 [gateway-service,,] [main] INFO  o.s.c.s.PostProcessorRegistrationDelegate$BeanPostProcessorChecker - Bean 'org.springframework.cloud.client.loadbalancer.reactive.LoadBalancerBeanPostProcessorAutoConfiguration' of type [org.springframework.cloud.client.loadbalancer.reactive.LoadBalancerBeanPostProcessorAutoConfiguration] is not eligible for getting processed by all BeanPostProcessors (for example: not eligible for auto-proxying)
2023-02-24 14:24:26.132 [gateway-service,,] [main] INFO  o.s.c.s.PostProcessorRegistrationDelegate$BeanPostProcessorChecker - Bean 'org.springframework.cloud.client.loadbalancer.reactive.LoadBalancerBeanPostProcessorAutoConfiguration$ReactiveLoadBalancerConfig' of type [org.springframework.cloud.client.loadbalancer.reactive.LoadBalancerBeanPostProcessorAutoConfiguration$ReactiveLoadBalancerConfig] is not eligible for getting processed by all BeanPostProcessors (for example: not eligible for auto-proxying)
2023-02-24 14:24:26.134 [gateway-service,,] [main] INFO  o.s.c.s.PostProcessorRegistrationDelegate$BeanPostProcessorChecker - Bean 'deferringLoadBalancerExchangeFilterFunction' of type [org.springframework.cloud.client.loadbalancer.reactive.DeferringLoadBalancerExchangeFilterFunction] is not eligible for getting processed by all BeanPostProcessors (for example: not eligible for auto-proxying)
2023-02-24 14:24:26.776 [gateway-service,,] [main] INFO  o.s.boot.web.embedded.tomcat.TomcatWebServer - Tomcat initialized with port(s): 8082 (http)
2023-02-24 14:24:26.785 [gateway-service,,] [main] INFO  org.apache.coyote.http11.Http11NioProtocol - Initializing ProtocolHandler ["http-nio-8082"]
2023-02-24 14:24:26.785 [gateway-service,,] [main] INFO  org.apache.catalina.core.StandardService - Starting service [Tomcat]
2023-02-24 14:24:26.786 [gateway-service,,] [main] INFO  org.apache.catalina.core.StandardEngine - Starting Servlet engine: [Apache Tomcat/9.0.33]
2023-02-24 14:24:26.912 [gateway-service,,] [main] INFO  o.a.c.core.ContainerBase.[Tomcat].[localhost].[/] - Initializing Spring embedded WebApplicationContext
2023-02-24 14:24:26.912 [gateway-service,,] [main] INFO  org.springframework.web.context.ContextLoader - Root WebApplicationContext: initialization completed in 2543 ms
2023-02-24 14:24:27.127 [gateway-service,,] [main] INFO  com.netflix.config.sources.URLConfigurationSource - To enable URLs as dynamic configuration sources, define System property archaius.configurationSource.additionalUrls or make config.properties available on classpath.
2023-02-24 14:24:27.144 [gateway-service,,] [main] INFO  com.netflix.config.DynamicPropertyFactory - DynamicPropertyFactory is initialized with configuration sources: com.netflix.config.ConcurrentCompositeConfiguration@7f13811b
2023-02-24 14:24:28.612 [gateway-service,,] [main] INFO  org.springframework.cloud.commons.util.InetUtils - Cannot determine local hostname
2023-02-24 14:24:29.932 [gateway-service,,] [main] INFO  org.springframework.cloud.commons.util.InetUtils - Cannot determine local hostname
2023-02-24 14:24:30.567 [gateway-service,,] [main] INFO  com.netflix.config.sources.URLConfigurationSource - To enable URLs as dynamic configuration sources, define System property archaius.configurationSource.additionalUrls or make config.properties available on classpath.
2023-02-24 14:24:32.077 [gateway-service,,] [main] INFO  org.springframework.cloud.commons.util.InetUtils - Cannot determine local hostname
2023-02-24 14:24:33.241 [gateway-service,,] [main] INFO  org.apache.catalina.core.StandardService - Stopping service [Tomcat]
2023-02-24 14:24:50.396 [gateway-service,,] [main] INFO  com.htsc.GatewayApplication - The following profiles are active: dev
2023-02-24 14:24:51.893 [gateway-service,,] [main] INFO  o.springframework.cloud.context.scope.GenericScope - BeanFactory id=7eca50d2-5685-33aa-b905-5f5f42b2026e
2023-02-24 14:24:52.611 [gateway-service,,] [main] INFO  o.s.c.s.PostProcessorRegistrationDelegate$BeanPostProcessorChecker - Bean 'org.springframework.cloud.client.loadbalancer.reactive.LoadBalancerBeanPostProcessorAutoConfiguration' of type [org.springframework.cloud.client.loadbalancer.reactive.LoadBalancerBeanPostProcessorAutoConfiguration] is not eligible for getting processed by all BeanPostProcessors (for example: not eligible for auto-proxying)
2023-02-24 14:24:52.616 [gateway-service,,] [main] INFO  o.s.c.s.PostProcessorRegistrationDelegate$BeanPostProcessorChecker - Bean 'org.springframework.cloud.client.loadbalancer.reactive.LoadBalancerBeanPostProcessorAutoConfiguration$ReactiveLoadBalancerConfig' of type [org.springframework.cloud.client.loadbalancer.reactive.LoadBalancerBeanPostProcessorAutoConfiguration$ReactiveLoadBalancerConfig] is not eligible for getting processed by all BeanPostProcessors (for example: not eligible for auto-proxying)
2023-02-24 14:24:52.624 [gateway-service,,] [main] INFO  o.s.c.s.PostProcessorRegistrationDelegate$BeanPostProcessorChecker - Bean 'deferringLoadBalancerExchangeFilterFunction' of type [org.springframework.cloud.client.loadbalancer.reactive.DeferringLoadBalancerExchangeFilterFunction] is not eligible for getting processed by all BeanPostProcessors (for example: not eligible for auto-proxying)
2023-02-24 14:24:53.347 [gateway-service,,] [main] INFO  o.s.boot.web.embedded.tomcat.TomcatWebServer - Tomcat initialized with port(s): 8082 (http)
2023-02-24 14:24:53.361 [gateway-service,,] [main] INFO  org.apache.coyote.http11.Http11NioProtocol - Initializing ProtocolHandler ["http-nio-8082"]
2023-02-24 14:24:53.362 [gateway-service,,] [main] INFO  org.apache.catalina.core.StandardService - Starting service [Tomcat]
2023-02-24 14:24:53.362 [gateway-service,,] [main] INFO  org.apache.catalina.core.StandardEngine - Starting Servlet engine: [Apache Tomcat/9.0.33]
2023-02-24 14:24:53.510 [gateway-service,,] [main] INFO  o.a.c.core.ContainerBase.[Tomcat].[localhost].[/] - Initializing Spring embedded WebApplicationContext
2023-02-24 14:24:53.510 [gateway-service,,] [main] INFO  org.springframework.web.context.ContextLoader - Root WebApplicationContext: initialization completed in 3098 ms
2023-02-24 14:24:53.738 [gateway-service,,] [main] INFO  com.netflix.config.sources.URLConfigurationSource - To enable URLs as dynamic configuration sources, define System property archaius.configurationSource.additionalUrls or make config.properties available on classpath.
2023-02-24 14:24:53.758 [gateway-service,,] [main] INFO  com.netflix.config.DynamicPropertyFactory - DynamicPropertyFactory is initialized with configuration sources: com.netflix.config.ConcurrentCompositeConfiguration@629a9f26
2023-02-24 14:24:55.243 [gateway-service,,] [main] INFO  org.springframework.cloud.commons.util.InetUtils - Cannot determine local hostname
2023-02-24 14:24:56.582 [gateway-service,,] [main] INFO  org.springframework.cloud.commons.util.InetUtils - Cannot determine local hostname
2023-02-24 14:24:57.350 [gateway-service,,] [main] INFO  com.netflix.config.sources.URLConfigurationSource - To enable URLs as dynamic configuration sources, define System property archaius.configurationSource.additionalUrls or make config.properties available on classpath.
2023-02-24 14:24:58.973 [gateway-service,,] [main] INFO  org.springframework.cloud.commons.util.InetUtils - Cannot determine local hostname
2023-02-24 14:24:59.973 [gateway-service,,] [main] INFO  org.apache.catalina.core.StandardService - Stopping service [Tomcat]
2023-02-24 14:26:28.405 [gateway-service,,] [main] INFO  com.htsc.GatewayApplication - The following profiles are active: dev
2023-02-24 14:26:29.544 [gateway-service,,] [main] INFO  o.springframework.cloud.context.scope.GenericScope - BeanFactory id=7eca50d2-5685-33aa-b905-5f5f42b2026e
2023-02-24 14:26:30.017 [gateway-service,,] [main] INFO  o.s.c.s.PostProcessorRegistrationDelegate$BeanPostProcessorChecker - Bean 'org.springframework.cloud.client.loadbalancer.reactive.LoadBalancerBeanPostProcessorAutoConfiguration' of type [org.springframework.cloud.client.loadbalancer.reactive.LoadBalancerBeanPostProcessorAutoConfiguration] is not eligible for getting processed by all BeanPostProcessors (for example: not eligible for auto-proxying)
2023-02-24 14:26:30.024 [gateway-service,,] [main] INFO  o.s.c.s.PostProcessorRegistrationDelegate$BeanPostProcessorChecker - Bean 'org.springframework.cloud.client.loadbalancer.reactive.LoadBalancerBeanPostProcessorAutoConfiguration$ReactiveLoadBalancerConfig' of type [org.springframework.cloud.client.loadbalancer.reactive.LoadBalancerBeanPostProcessorAutoConfiguration$ReactiveLoadBalancerConfig] is not eligible for getting processed by all BeanPostProcessors (for example: not eligible for auto-proxying)
2023-02-24 14:26:30.026 [gateway-service,,] [main] INFO  o.s.c.s.PostProcessorRegistrationDelegate$BeanPostProcessorChecker - Bean 'deferringLoadBalancerExchangeFilterFunction' of type [org.springframework.cloud.client.loadbalancer.reactive.DeferringLoadBalancerExchangeFilterFunction] is not eligible for getting processed by all BeanPostProcessors (for example: not eligible for auto-proxying)
2023-02-24 14:26:30.588 [gateway-service,,] [main] INFO  o.s.boot.web.embedded.tomcat.TomcatWebServer - Tomcat initialized with port(s): 8082 (http)
2023-02-24 14:26:30.597 [gateway-service,,] [main] INFO  org.apache.coyote.http11.Http11NioProtocol - Initializing ProtocolHandler ["http-nio-8082"]
2023-02-24 14:26:30.598 [gateway-service,,] [main] INFO  org.apache.catalina.core.StandardService - Starting service [Tomcat]
2023-02-24 14:26:30.598 [gateway-service,,] [main] INFO  org.apache.catalina.core.StandardEngine - Starting Servlet engine: [Apache Tomcat/9.0.33]
2023-02-24 14:26:30.731 [gateway-service,,] [main] INFO  o.a.c.core.ContainerBase.[Tomcat].[localhost].[/] - Initializing Spring embedded WebApplicationContext
2023-02-24 14:26:30.731 [gateway-service,,] [main] INFO  org.springframework.web.context.ContextLoader - Root WebApplicationContext: initialization completed in 2312 ms
2023-02-24 14:26:30.905 [gateway-service,,] [main] INFO  com.netflix.config.sources.URLConfigurationSource - To enable URLs as dynamic configuration sources, define System property archaius.configurationSource.additionalUrls or make config.properties available on classpath.
2023-02-24 14:26:30.921 [gateway-service,,] [main] INFO  com.netflix.config.DynamicPropertyFactory - DynamicPropertyFactory is initialized with configuration sources: com.netflix.config.ConcurrentCompositeConfiguration@157d3a45
2023-02-24 14:26:32.393 [gateway-service,,] [main] INFO  org.springframework.cloud.commons.util.InetUtils - Cannot determine local hostname
2023-02-24 14:26:33.733 [gateway-service,,] [main] INFO  org.springframework.cloud.commons.util.InetUtils - Cannot determine local hostname
2023-02-24 14:26:34.386 [gateway-service,,] [main] INFO  com.netflix.config.sources.URLConfigurationSource - To enable URLs as dynamic configuration sources, define System property archaius.configurationSource.additionalUrls or make config.properties available on classpath.
2023-02-24 14:26:35.888 [gateway-service,,] [main] INFO  org.springframework.cloud.commons.util.InetUtils - Cannot determine local hostname
2023-02-24 14:26:37.050 [gateway-service,,] [main] INFO  org.apache.catalina.core.StandardService - Stopping service [Tomcat]
2023-02-24 14:30:29.480 [gateway-service,,] [main] INFO  com.htsc.GatewayApplication - The following profiles are active: dev
2023-02-24 14:30:30.479 [gateway-service,,] [main] INFO  o.springframework.cloud.context.scope.GenericScope - BeanFactory id=52c3719b-025b-3966-b30f-04b0d27c7304
2023-02-24 14:30:30.683 [gateway-service,,] [main] INFO  o.s.c.s.PostProcessorRegistrationDelegate$BeanPostProcessorChecker - Bean 'org.springframework.cloud.client.loadbalancer.reactive.LoadBalancerBeanPostProcessorAutoConfiguration' of type [org.springframework.cloud.client.loadbalancer.reactive.LoadBalancerBeanPostProcessorAutoConfiguration] is not eligible for getting processed by all BeanPostProcessors (for example: not eligible for auto-proxying)
2023-02-24 14:30:30.686 [gateway-service,,] [main] INFO  o.s.c.s.PostProcessorRegistrationDelegate$BeanPostProcessorChecker - Bean 'org.springframework.cloud.client.loadbalancer.reactive.LoadBalancerBeanPostProcessorAutoConfiguration$ReactiveLoadBalancerConfig' of type [org.springframework.cloud.client.loadbalancer.reactive.LoadBalancerBeanPostProcessorAutoConfiguration$ReactiveLoadBalancerConfig] is not eligible for getting processed by all BeanPostProcessors (for example: not eligible for auto-proxying)
2023-02-24 14:30:30.689 [gateway-service,,] [main] INFO  o.s.c.s.PostProcessorRegistrationDelegate$BeanPostProcessorChecker - Bean 'deferringLoadBalancerExchangeFilterFunction' of type [org.springframework.cloud.client.loadbalancer.reactive.DeferringLoadBalancerExchangeFilterFunction] is not eligible for getting processed by all BeanPostProcessors (for example: not eligible for auto-proxying)
2023-02-24 14:30:31.117 [gateway-service,,] [main] INFO  o.s.boot.web.embedded.tomcat.TomcatWebServer - Tomcat initialized with port(s): 8082 (http)
2023-02-24 14:30:31.126 [gateway-service,,] [main] INFO  org.apache.coyote.http11.Http11NioProtocol - Initializing ProtocolHandler ["http-nio-8082"]
2023-02-24 14:30:31.126 [gateway-service,,] [main] INFO  org.apache.catalina.core.StandardService - Starting service [Tomcat]
2023-02-24 14:30:31.126 [gateway-service,,] [main] INFO  org.apache.catalina.core.StandardEngine - Starting Servlet engine: [Apache Tomcat/9.0.33]
2023-02-24 14:30:31.243 [gateway-service,,] [main] INFO  o.a.c.core.ContainerBase.[Tomcat].[localhost].[/] - Initializing Spring embedded WebApplicationContext
2023-02-24 14:30:31.244 [gateway-service,,] [main] INFO  org.springframework.web.context.ContextLoader - Root WebApplicationContext: initialization completed in 1745 ms
2023-02-24 14:30:31.337 [gateway-service,,] [main] INFO  com.netflix.config.sources.URLConfigurationSource - To enable URLs as dynamic configuration sources, define System property archaius.configurationSource.additionalUrls or make config.properties available on classpath.
2023-02-24 14:30:31.357 [gateway-service,,] [main] INFO  com.netflix.config.DynamicPropertyFactory - DynamicPropertyFactory is initialized with configuration sources: com.netflix.config.ConcurrentCompositeConfiguration@39909d1a
2023-02-24 14:30:32.722 [gateway-service,,] [main] INFO  org.springframework.cloud.commons.util.InetUtils - Cannot determine local hostname
2023-02-24 14:30:34.016 [gateway-service,,] [main] INFO  org.springframework.cloud.commons.util.InetUtils - Cannot determine local hostname
2023-02-24 14:30:34.104 [gateway-service,,] [main] INFO  com.netflix.config.sources.URLConfigurationSource - To enable URLs as dynamic configuration sources, define System property archaius.configurationSource.additionalUrls or make config.properties available on classpath.
2023-02-24 14:30:35.489 [gateway-service,,] [main] INFO  org.springframework.cloud.commons.util.InetUtils - Cannot determine local hostname
2023-02-24 14:30:36.054 [gateway-service,,] [main] INFO  org.apache.catalina.core.StandardService - Stopping service [Tomcat]
2023-02-24 14:44:50.568 [gateway-service,,] [main] INFO  com.htsc.GatewayApplication - The following profiles are active: dev
2023-02-24 14:44:51.531 [gateway-service,,] [main] INFO  o.springframework.cloud.context.scope.GenericScope - BeanFactory id=52c3719b-025b-3966-b30f-04b0d27c7304
2023-02-24 14:44:51.719 [gateway-service,,] [main] INFO  o.s.c.s.PostProcessorRegistrationDelegate$BeanPostProcessorChecker - Bean 'org.springframework.cloud.client.loadbalancer.reactive.LoadBalancerBeanPostProcessorAutoConfiguration' of type [org.springframework.cloud.client.loadbalancer.reactive.LoadBalancerBeanPostProcessorAutoConfiguration] is not eligible for getting processed by all BeanPostProcessors (for example: not eligible for auto-proxying)
2023-02-24 14:44:51.721 [gateway-service,,] [main] INFO  o.s.c.s.PostProcessorRegistrationDelegate$BeanPostProcessorChecker - Bean 'org.springframework.cloud.client.loadbalancer.reactive.LoadBalancerBeanPostProcessorAutoConfiguration$ReactiveLoadBalancerConfig' of type [org.springframework.cloud.client.loadbalancer.reactive.LoadBalancerBeanPostProcessorAutoConfiguration$ReactiveLoadBalancerConfig] is not eligible for getting processed by all BeanPostProcessors (for example: not eligible for auto-proxying)
2023-02-24 14:44:51.722 [gateway-service,,] [main] INFO  o.s.c.s.PostProcessorRegistrationDelegate$BeanPostProcessorChecker - Bean 'deferringLoadBalancerExchangeFilterFunction' of type [org.springframework.cloud.client.loadbalancer.reactive.DeferringLoadBalancerExchangeFilterFunction] is not eligible for getting processed by all BeanPostProcessors (for example: not eligible for auto-proxying)
2023-02-24 14:44:52.184 [gateway-service,,] [main] INFO  o.s.boot.web.embedded.tomcat.TomcatWebServer - Tomcat initialized with port(s): 8082 (http)
2023-02-24 14:44:52.197 [gateway-service,,] [main] INFO  org.apache.coyote.http11.Http11NioProtocol - Initializing ProtocolHandler ["http-nio-8082"]
2023-02-24 14:44:52.198 [gateway-service,,] [main] INFO  org.apache.catalina.core.StandardService - Starting service [Tomcat]
2023-02-24 14:44:52.198 [gateway-service,,] [main] INFO  org.apache.catalina.core.StandardEngine - Starting Servlet engine: [Apache Tomcat/9.0.33]
2023-02-24 14:44:52.314 [gateway-service,,] [main] INFO  o.a.c.core.ContainerBase.[Tomcat].[localhost].[/] - Initializing Spring embedded WebApplicationContext
2023-02-24 14:44:52.314 [gateway-service,,] [main] INFO  org.springframework.web.context.ContextLoader - Root WebApplicationContext: initialization completed in 1731 ms
2023-02-24 14:44:52.405 [gateway-service,,] [main] INFO  com.netflix.config.sources.URLConfigurationSource - To enable URLs as dynamic configuration sources, define System property archaius.configurationSource.additionalUrls or make config.properties available on classpath.
2023-02-24 14:44:52.422 [gateway-service,,] [main] INFO  com.netflix.config.DynamicPropertyFactory - DynamicPropertyFactory is initialized with configuration sources: com.netflix.config.ConcurrentCompositeConfiguration@7cdbaa50
2023-02-24 14:44:53.825 [gateway-service,,] [main] INFO  org.springframework.cloud.commons.util.InetUtils - Cannot determine local hostname
2023-02-24 14:44:55.258 [gateway-service,,] [main] INFO  org.springframework.cloud.commons.util.InetUtils - Cannot determine local hostname
2023-02-24 14:44:55.394 [gateway-service,,] [main] INFO  com.netflix.config.sources.URLConfigurationSource - To enable URLs as dynamic configuration sources, define System property archaius.configurationSource.additionalUrls or make config.properties available on classpath.
2023-02-24 14:44:56.992 [gateway-service,,] [main] INFO  org.springframework.cloud.commons.util.InetUtils - Cannot determine local hostname
2023-02-24 14:44:57.754 [gateway-service,,] [main] INFO  org.apache.catalina.core.StandardService - Stopping service [Tomcat]
2023-02-24 14:46:46.140 [gateway-service,,] [main] INFO  com.htsc.GatewayApplication - The following profiles are active: dev
2023-02-24 14:48:37.156 [gateway-service,,] [main] INFO  com.htsc.GatewayApplication - The following profiles are active: dev
2023-02-24 14:51:46.523 [gateway-service,,] [main] INFO  com.htsc.GatewayApplication - The following profiles are active: dev
2023-02-24 14:59:08.552 [gateway-service,,] [main] INFO  com.htsc.GatewayApplication - The following profiles are active: dev
2023-02-24 15:00:00.493 [gateway-service,,] [main] INFO  com.htsc.GatewayApplication - The following profiles are active: dev
2023-02-24 15:07:50.032 [gateway-service,,] [main] INFO  com.htsc.GatewayApplication - The following profiles are active: dev
2023-02-24 15:10:32.155 [gateway-service,,] [main] INFO  com.htsc.GatewayApplication - The following profiles are active: dev
